flying-bird@flyingbird:~$ rm ~/code_snippets/elk/myconf/filebeat/data/registryflying-bird@flyingbird:~$ /home/flying-bird/elk/filebeat-6.0.0-linux-x86/filebeat -e -c /home/flying-bird/code_snippets/elk/myconf/filebeat/filebeat_05.yml
2017/11/20 15:12:03.800779 beat.go:426: INFO Home path: [/home/flying-bird/elk/filebeat-6.0.0-linux-x86] Config path: [/home/flying-bird/elk/filebeat-6.0.0-linux-x86] Data path: [/home/flying-bird/code_snippets/elk/myconf/filebeat/data] Logs path: [/home/flying-bird/code_snippets/elk/myconf/filebeat/logs]
2017/11/20 15:12:03.800889 beat.go:433: INFO Beat UUID: 517a470d-cd2f-4eb1-a5a4-15110ab099aa
2017/11/20 15:12:03.800923 beat.go:192: INFO Setup Beat: filebeat; Version: 6.0.0
2017/11/20 15:12:03.800817 metrics.go:23: INFO Metrics logging every 30s
2017/11/20 15:12:03.801178 module.go:80: INFO Beat name: the_shipper
2017/11/20 15:12:03.801374 beat.go:260: INFO filebeat start running.
2017/11/20 15:12:03.801421 registrar.go:71: INFO No registry file found under: /home/flying-bird/code_snippets/elk/myconf/filebeat/data/registry. Creating a new registry file.
2017/11/20 15:12:03.877526 registrar.go:108: INFO Loading registrar data from /home/flying-bird/code_snippets/elk/myconf/filebeat/data/registry
2017/11/20 15:12:03.877597 registrar.go:119: INFO States Loaded from registrar: 0
2017/11/20 15:12:03.877617 filebeat.go:260: WARN Filebeat is unable to load the Ingest Node pipelines for the configured modules because the Elasticsearch output is not configured/enabled. If you have already loaded the Ingest Node pipelines or are using Logstash pipelines, you can ignore this warning.
2017/11/20 15:12:03.877636 crawler.go:44: INFO Loading Prospectors: 3
2017/11/20 15:12:03.877993 prospector.go:103: INFO Starting prospector of type: log; id: 10169551848723891880 
2017/11/20 15:12:03.878254 prospector.go:103: INFO Starting prospector of type: log; id: 13786544195834192836 
2017/11/20 15:12:03.878547 prospector.go:103: INFO Starting prospector of type: log; id: 18084325123834654670 
2017/11/20 15:12:03.879516 crawler.go:78: INFO Loading and starting Prospectors completed. Enabled prospectors: 3
2017/11/20 15:12:03.878023 registrar.go:150: INFO Starting Registrar
2017/11/20 15:12:03.879906 harvester.go:207: INFO Harvester started for file: /home/flying-bird/code_snippets/elk/myconf/filebeat/input_logs/bar/bar.err
2017/11/20 15:12:03.879135 harvester.go:207: INFO Harvester started for file: /home/flying-bird/code_snippets/elk/myconf/filebeat/input_logs/foo/test.log
2017/11/20 15:12:03.879479 harvester.go:207: INFO Harvester started for file: /home/flying-bird/code_snippets/elk/myconf/filebeat/input_logs/bar/bar.log
2017/11/20 15:12:03.879056 harvester.go:207: INFO Harvester started for file: /home/flying-bird/code_snippets/elk/myconf/filebeat/input_logs/bar/bar.log
2017/11/20 15:12:03.879178 harvester.go:207: INFO Harvester started for file: /home/flying-bird/code_snippets/elk/myconf/filebeat/input_logs/bar/bar.err
{
  "@timestamp": "2017-11-20T15:12:03.879Z",
  "@metadata": {
    "beat": "filebeat",
    "type": "doc",
    "version": "6.0.0"
  },
  "beat": {
    "hostname": "flyingbird",
    "version": "6.0.0",
    "name": "the_shipper"
  },
  "source": "/home/flying-bird/code_snippets/elk/myconf/filebeat/input_logs/bar/bar.err",
  "offset": 11,
  "message": "bar err 1.",
  "prospector": {
    "type": "log"
  },
  "fields": {
    "bar_log_level": "info",
    "env": "staging",
    "bar_log_app": "bar"
  },
  "bar_err_app": "bar",
  "bar_err_level": "error"
}
{
  "@timestamp": "2017-11-20T15:12:03.880Z",
  "@metadata": {
    "beat": "filebeat",
    "type": "doc",
    "version": "6.0.0"
  },
  "prospector": {
    "type": "log"
  },
  "fields": {
    "bar_log_level": "info",
    "env": "staging",
    "bar_log_app": "bar"
  },
  "bar_err_app": "bar",
  "bar_err_level": "error",
  "beat": {
    "name": "the_shipper",
    "hostname": "flyingbird",
    "version": "6.0.0"
  },
  "source": "/home/flying-bird/code_snippets/elk/myconf/filebeat/input_logs/bar/bar.err",
  "offset": 22,
  "message": "bar err 2."
}
{
  "@timestamp": "2017-11-20T15:12:03.880Z",
  "@metadata": {
    "beat": "filebeat",
    "type": "doc",
    "version": "6.0.0"
  },
  "offset": 11,
  "message": "bar log 1.",
  "source": "/home/flying-bird/code_snippets/elk/myconf/filebeat/input_logs/bar/bar.log",
  "prospector": {
    "type": "log"
  },
  "fields": {
    "env": "staging",
    "bar_log_app": "bar",
    "bar_log_level": "info"
  },
  "beat": {
    "name": "the_shipper",
    "hostname": "flyingbird",
    "version": "6.0.0"
  }
}
{
  "@timestamp": "2017-11-20T15:12:03.880Z",
  "@metadata": {
    "beat": "filebeat",
    "type": "doc",
    "version": "6.0.0"
  },
  "source": "/home/flying-bird/code_snippets/elk/myconf/filebeat/input_logs/bar/bar.log",
  "offset": 22,
  "message": "bar log 2.",
  "prospector": {
    "type": "log"
  },
  "fields": {
    "env": "staging",
    "bar_log_app": "bar",
    "bar_log_level": "info"
  },
  "beat": {
    "name": "the_shipper",
    "hostname": "flyingbird",
    "version": "6.0.0"
  }
}
{
  "@timestamp": "2017-11-20T15:12:03.880Z",
  "@metadata": {
    "beat": "filebeat",
    "type": "doc",
    "version": "6.0.0"
  },
  "offset": 11,
  "message": "bar log 1.",
  "prospector": {
    "type": "log"
  },
  "fields": {
    "env": "staging",
    "bar_log_app": "bar",
    "bar_log_level": "info"
  },
  "bar_err_app": "bar",
  "bar_err_level": "error",
  "beat": {
    "version": "6.0.0",
    "name": "the_shipper",
    "hostname": "flyingbird"
  },
  "source": "/home/flying-bird/code_snippets/elk/myconf/filebeat/input_logs/bar/bar.log"
}
{
  "@timestamp": "2017-11-20T15:12:03.880Z",
  "@metadata": {
    "beat": "filebeat",
    "type": "doc",
    "version": "6.0.0"
  },
  "fields": {
    "env": "staging",
    "bar_log_app": "bar",
    "bar_log_level": "info"
  },
  "bar_err_app": "bar",
  "bar_err_level": "error",
  "beat": {
    "hostname": "flyingbird",
    "version": "6.0.0",
    "name": "the_shipper"
  },
  "source": "/home/flying-bird/code_snippets/elk/myconf/filebeat/input_logs/bar/bar.log",
  "offset": 22,
  "message": "bar log 2.",
  "prospector": {
    "type": "log"
  }
}
{
  "@timestamp": "2017-11-20T15:12:03.880Z",
  "@metadata": {
    "beat": "filebeat",
    "type": "doc",
    "version": "6.0.0"
  },
  "fields": {
    "env": "staging",
    "bar_log_app": "bar",
    "bar_log_level": "info"
  },
  "bar_err_app": "bar",
  "bar_err_level": "error",
  "prospector": {
    "type": "log"
  },
  "beat": {
    "name": "the_shipper",
    "hostname": "flyingbird",
    "version": "6.0.0"
  },
  "source": "/home/flying-bird/code_snippets/elk/myconf/filebeat/input_logs/foo/test.log",
  "offset": 7,
  "message": "Foo 1."
}
{
  "@timestamp": "2017-11-20T15:12:03.880Z",
  "@metadata": {
    "beat": "filebeat",
    "type": "doc",
    "version": "6.0.0"
  },
  "beat": {
    "name": "the_shipper",
    "hostname": "flyingbird",
    "version": "6.0.0"
  },
  "message": "Foo 2.",
  "source": "/home/flying-bird/code_snippets/elk/myconf/filebeat/input_logs/foo/test.log",
  "offset": 14,
  "prospector": {
    "type": "log"
  },
  "fields": {
    "env": "staging",
    "bar_log_app": "bar",
    "bar_log_level": "info"
  },
  "bar_err_app": "bar",
  "bar_err_level": "error"
}
{
  "@timestamp": "2017-11-20T15:12:03.880Z",
  "@metadata": {
    "beat": "filebeat",
    "type": "doc",
    "version": "6.0.0"
  },
  "fields": {
    "env": "staging",
    "bar_log_app": "bar",
    "bar_log_level": "info"
  },
  "bar_err_app": "bar",
  "bar_err_level": "error",
  "prospector": {
    "type": "log"
  },
  "beat": {
    "name": "the_shipper",
    "hostname": "flyingbird",
    "version": "6.0.0"
  },
  "source": "/home/flying-bird/code_snippets/elk/myconf/filebeat/input_logs/bar/bar.err",
  "offset": 11,
  "message": "bar err 1."
}
{
  "@timestamp": "2017-11-20T15:12:03.880Z",
  "@metadata": {
    "beat": "filebeat",
    "type": "doc",
    "version": "6.0.0"
  },
  "bar_err_app": "bar",
  "bar_err_level": "error",
  "prospector": {
    "type": "log"
  },
  "fields": {
    "bar_log_level": "info",
    "env": "staging",
    "bar_log_app": "bar"
  },
  "beat": {
    "name": "the_shipper",
    "hostname": "flyingbird",
    "version": "6.0.0"
  },
  "source": "/home/flying-bird/code_snippets/elk/myconf/filebeat/input_logs/bar/bar.err",
  "offset": 22,
  "message": "bar err 2."
}
^C2017/11/20 15:12:33.479534 filebeat.go:311: INFO Stopping filebeat
2017/11/20 15:12:33.479578 crawler.go:105: INFO Stopping Crawler
2017/11/20 15:12:33.479599 crawler.go:115: INFO Stopping 3 prospectors
2017/11/20 15:12:33.479635 prospector.go:137: INFO Prospector ticker stopped
2017/11/20 15:12:33.479657 prospector.go:159: INFO Stopping Prospector: 13786544195834192836
2017/11/20 15:12:33.479673 prospector.go:137: INFO Prospector ticker stopped
2017/11/20 15:12:33.479709 prospector.go:159: INFO Stopping Prospector: 18084325123834654670
2017/11/20 15:12:33.479710 harvester.go:228: INFO Reader was closed: /home/flying-bird/code_snippets/elk/myconf/filebeat/input_logs/bar/bar.log. Closing.
2017/11/20 15:12:33.479746 harvester.go:228: INFO Reader was closed: /home/flying-bird/code_snippets/elk/myconf/filebeat/input_logs/bar/bar.err. Closing.
2017/11/20 15:12:33.479686 prospector.go:137: INFO Prospector ticker stopped
2017/11/20 15:12:33.479794 prospector.go:159: INFO Stopping Prospector: 10169551848723891880
2017/11/20 15:12:33.479834 harvester.go:228: INFO Reader was closed: /home/flying-bird/code_snippets/elk/myconf/filebeat/input_logs/foo/test.log. Closing.
2017/11/20 15:12:33.479881 harvester.go:228: INFO Reader was closed: /home/flying-bird/code_snippets/elk/myconf/filebeat/input_logs/bar/bar.err. Closing.
2017/11/20 15:12:33.479925 harvester.go:228: INFO Reader was closed: /home/flying-bird/code_snippets/elk/myconf/filebeat/input_logs/bar/bar.log. Closing.
2017/11/20 15:12:33.479967 crawler.go:131: INFO Crawler stopped
2017/11/20 15:12:33.479986 registrar.go:210: INFO Stopping Registrar
2017/11/20 15:12:33.480007 registrar.go:165: INFO Ending Registrar
2017/11/20 15:12:33.516153 metrics.go:51: INFO Total non-zero values:  beat.memstats.gc_next=4473924 beat.memstats.memory_alloc=2563184 beat.memstats.memory_total=2563184 filebeat.events.added=15 filebeat.events.done=15 filebeat.harvester.closed=5 filebeat.harvester.open_files=0 filebeat.harvester.running=0 filebeat.harvester.started=5 libbeat.config.module.running=0 libbeat.output.events.acked=10 libbeat.output.events.batches=1 libbeat.output.events.total=10 libbeat.output.type=console libbeat.output.write.bytes=5419 libbeat.pipeline.clients=0 libbeat.pipeline.events.active=0 libbeat.pipeline.events.filtered=5 libbeat.pipeline.events.published=10 libbeat.pipeline.events.total=15 libbeat.pipeline.queue.acked=10 registrar.states.current=3 registrar.states.update=15 registrar.writes=8
2017/11/20 15:12:33.516334 metrics.go:52: INFO Uptime: 29.723782911s
2017/11/20 15:12:33.516432 beat.go:268: INFO filebeat stopped.
flying-bird@flyingbird:~$ 
flying-bird@flyingbird:~$ 
flying-bird@flyingbird:~$ 
