flying-bird@flyingbird:~$ rm ~/code_snippets/elk/myconf/filebeat/data/registry
flying-bird@flyingbird:~$ /home/flying-bird/elk/filebeat-6.0.0-linux-x86/filebeat -e -c /home/flying-bird/code_snippets/elk/myconf/filebeat/filebeat_03.yml
2017/11/20 14:34:20.001910 metrics.go:23: INFO Metrics logging every 30s
2017/11/20 14:34:20.001991 beat.go:426: INFO Home path: [/home/flying-bird/elk/filebeat-6.0.0-linux-x86] Config path: [/home/flying-bird/elk/filebeat-6.0.0-linux-x86] Data path: [/home/flying-bird/code_snippets/elk/myconf/filebeat/data] Logs path: [/home/flying-bird/code_snippets/elk/myconf/filebeat/logs]
2017/11/20 14:34:20.002176 beat.go:433: INFO Beat UUID: 517a470d-cd2f-4eb1-a5a4-15110ab099aa
2017/11/20 14:34:20.002949 beat.go:192: INFO Setup Beat: filebeat; Version: 6.0.0
2017/11/20 14:34:20.005225 module.go:80: INFO Beat name: the_shipper
2017/11/20 14:34:20.005504 beat.go:260: INFO filebeat start running.
2017/11/20 14:34:20.007203 registrar.go:71: INFO No registry file found under: /home/flying-bird/code_snippets/elk/myconf/filebeat/data/registry. Creating a new registry file.
2017/11/20 14:34:20.071872 registrar.go:108: INFO Loading registrar data from /home/flying-bird/code_snippets/elk/myconf/filebeat/data/registry
2017/11/20 14:34:20.072016 registrar.go:119: INFO States Loaded from registrar: 0
2017/11/20 14:34:20.072124 filebeat.go:260: WARN Filebeat is unable to load the Ingest Node pipelines for the configured modules because the Elasticsearch output is not configured/enabled. If you have already loaded the Ingest Node pipelines or are using Logstash pipelines, you can ignore this warning.
2017/11/20 14:34:20.072221 crawler.go:44: INFO Loading Prospectors: 1
2017/11/20 14:34:20.072620 prospector.go:103: INFO Starting prospector of type: log; id: 4108422119181858321 
2017/11/20 14:34:20.072719 crawler.go:78: INFO Loading and starting Prospectors completed. Enabled prospectors: 1
2017/11/20 14:34:20.073082 harvester.go:207: INFO Harvester started for file: /home/flying-bird/code_snippets/elk/myconf/filebeat/input_logs/test.log
2017/11/20 14:34:20.072176 registrar.go:150: INFO Starting Registrar
{
  "@timestamp": "2017-11-20T14:34:20.073Z",
  "@metadata": {
    "beat": "filebeat",
    "type": "doc",
    "version": "6.0.0"
  },
  "source": "/home/flying-bird/code_snippets/elk/myconf/filebeat/input_logs/test.log",
  "offset": 11,
  "message": "First line",
  "tags": [
    "my_tag1",
    "my_tag2"
  ],
  "prospector": {
    "type": "log"
  },
  "fields": {
    "general_field_x": "value with spaces",
    "env": "staging"
  },
  "beat": {
    "version": "6.0.0",
    "name": "the_shipper",
    "hostname": "flyingbird"
  }
}
{
  "@timestamp": "2017-11-20T14:34:20.073Z",
  "@metadata": {
    "beat": "filebeat",
    "type": "doc",
    "version": "6.0.0"
  },
  "tags": [
    "my_tag1",
    "my_tag2"
  ],
  "prospector": {
    "type": "log"
  },
  "fields": {
    "general_field_x": "value with spaces",
    "env": "staging"
  },
  "beat": {
    "name": "the_shipper",
    "hostname": "flyingbird",
    "version": "6.0.0"
  },
  "source": "/home/flying-bird/code_snippets/elk/myconf/filebeat/input_logs/test.log",
  "offset": 23,
  "message": "Second line"
}
^C2017/11/20 14:34:26.536351 filebeat.go:311: INFO Stopping filebeat
2017/11/20 14:34:26.536396 crawler.go:105: INFO Stopping Crawler
2017/11/20 14:34:26.536414 crawler.go:115: INFO Stopping 1 prospectors
2017/11/20 14:34:26.536453 prospector.go:137: INFO Prospector ticker stopped
2017/11/20 14:34:26.536472 prospector.go:159: INFO Stopping Prospector: 4108422119181858321
2017/11/20 14:34:26.536514 harvester.go:228: INFO Reader was closed: /home/flying-bird/code_snippets/elk/myconf/filebeat/input_logs/test.log. Closing.
2017/11/20 14:34:26.536572 crawler.go:131: INFO Crawler stopped
2017/11/20 14:34:26.536590 registrar.go:210: INFO Stopping Registrar
2017/11/20 14:34:26.536608 registrar.go:165: INFO Ending Registrar
2017/11/20 14:34:26.574563 metrics.go:51: INFO Total non-zero values:  beat.memstats.gc_next=4473924 beat.memstats.memory_alloc=2088144 beat.memstats.memory_total=2088144 filebeat.events.added=3 filebeat.events.done=3 filebeat.harvester.closed=1 filebeat.harvester.open_files=0 filebeat.harvester.running=0 filebeat.harvester.started=1 libbeat.config.module.running=0 libbeat.output.events.acked=2 libbeat.output.events.batches=1 libbeat.output.events.total=2 libbeat.output.type=console libbeat.output.write.bytes=1067 libbeat.pipeline.clients=0 libbeat.pipeline.events.active=0 libbeat.pipeline.events.filtered=1 libbeat.pipeline.events.published=2 libbeat.pipeline.events.total=3 libbeat.pipeline.queue.acked=2 registrar.states.current=1 registrar.states.update=3 registrar.writes=4
2017/11/20 14:34:26.574606 metrics.go:52: INFO Uptime: 6.585524873s
2017/11/20 14:34:26.574616 beat.go:268: INFO filebeat stopped.
flying-bird@flyingbird:~$ 
