flying-bird@flyingbird:~$ /home/flying-bird/elk/filebeat-6.0.0-linux-x86/filebeat -e -c /home/flying-bird/code_snippets/elk/myconf/filebeat/filebeat_01.yml
2017/11/20 13:46:56.101533 metrics.go:23: INFO Metrics logging every 30s
2017/11/20 13:46:56.101579 beat.go:426: INFO Home path: [/home/flying-bird/elk/filebeat-6.0.0-linux-x86] Config path: [/home/flying-bird/elk/filebeat-6.0.0-linux-x86] Data path: [/home/flying-bird/code_snippets/elk/myconf/filebeat/data] Logs path: [/home/flying-bird/code_snippets/elk/myconf/filebeat/logs]
2017/11/20 13:46:56.101723 beat.go:433: INFO Beat UUID: 517a470d-cd2f-4eb1-a5a4-15110ab099aa
2017/11/20 13:46:56.101748 beat.go:192: INFO Setup Beat: filebeat; Version: 6.0.0
2017/11/20 13:46:56.101980 module.go:80: INFO Beat name: flyingbird
2017/11/20 13:46:56.107198 beat.go:260: INFO filebeat start running.
2017/11/20 13:46:56.107489 registrar.go:71: INFO No registry file found under: /home/flying-bird/code_snippets/elk/myconf/filebeat/data/registry. Creating a new registry file.
2017/11/20 13:46:56.142898 registrar.go:108: INFO Loading registrar data from /home/flying-bird/code_snippets/elk/myconf/filebeat/data/registry
2017/11/20 13:46:56.142980 registrar.go:119: INFO States Loaded from registrar: 0
2017/11/20 13:46:56.143004 filebeat.go:260: WARN Filebeat is unable to load the Ingest Node pipelines for the configured modules because the Elasticsearch output is not configured/enabled. If you have already loaded the Ingest Node pipelines or are using Logstash pipelines, you can ignore this warning.
2017/11/20 13:46:56.143019 crawler.go:44: INFO Loading Prospectors: 1
2017/11/20 13:46:56.143129 registrar.go:150: INFO Starting Registrar
2017/11/20 13:46:56.143358 prospector.go:103: INFO Starting prospector of type: log; id: 4108422119181858321 
2017/11/20 13:46:56.143374 crawler.go:78: INFO Loading and starting Prospectors completed. Enabled prospectors: 1
2017/11/20 13:46:56.143630 harvester.go:207: INFO Harvester started for file: /home/flying-bird/code_snippets/elk/myconf/filebeat/input_logs/test.log
{
  "@timestamp": "2017-11-20T13:46:56.143Z",
  "@metadata": {
    "beat": "filebeat",
    "type": "doc",
    "version": "6.0.0"
  },
  "source": "/home/flying-bird/code_snippets/elk/myconf/filebeat/input_logs/test.log",
  "offset": 11,
  "message": "First line",
  "prospector": {
    "type": "log"
  },
  "beat": {
    "version": "6.0.0",
    "name": "flyingbird",
    "hostname": "flyingbird"
  }
}
{
  "@timestamp": "2017-11-20T13:46:56.143Z",
  "@metadata": {
    "beat": "filebeat",
    "type": "doc",
    "version": "6.0.0"
  },
  "prospector": {
    "type": "log"
  },
  "beat": {
    "name": "flyingbird",
    "hostname": "flyingbird",
    "version": "6.0.0"
  },
  "message": "Second line",
  "source": "/home/flying-bird/code_snippets/elk/myconf/filebeat/input_logs/test.log",
  "offset": 23
}
^C2017/11/20 13:47:05.735248 filebeat.go:311: INFO Stopping filebeat
2017/11/20 13:47:05.735292 crawler.go:105: INFO Stopping Crawler
2017/11/20 13:47:05.735312 crawler.go:115: INFO Stopping 1 prospectors
2017/11/20 13:47:05.735347 prospector.go:137: INFO Prospector ticker stopped
2017/11/20 13:47:05.735366 prospector.go:159: INFO Stopping Prospector: 4108422119181858321
2017/11/20 13:47:05.735414 harvester.go:228: INFO Reader was closed: /home/flying-bird/code_snippets/elk/myconf/filebeat/input_logs/test.log. Closing.
2017/11/20 13:47:05.735474 crawler.go:131: INFO Crawler stopped
2017/11/20 13:47:05.735493 registrar.go:210: INFO Stopping Registrar
2017/11/20 13:47:05.735512 registrar.go:165: INFO Ending Registrar
2017/11/20 13:47:05.775294 metrics.go:51: INFO Total non-zero values:  beat.memstats.gc_next=4473924 beat.memstats.memory_alloc=2072496 beat.memstats.memory_total=2072496 filebeat.events.added=3 filebeat.events.done=3 filebeat.harvester.closed=1 filebeat.harvester.open_files=0 filebeat.harvester.running=0 filebeat.harvester.started=1 libbeat.config.module.running=0 libbeat.output.events.acked=2 libbeat.output.events.batches=1 libbeat.output.events.total=2 libbeat.output.type=console libbeat.output.write.bytes=805 libbeat.pipeline.clients=0 libbeat.pipeline.events.active=0 libbeat.pipeline.events.filtered=1 libbeat.pipeline.events.published=2 libbeat.pipeline.events.total=3 libbeat.pipeline.queue.acked=2 registrar.states.current=1 registrar.states.update=3 registrar.writes=4
2017/11/20 13:47:05.775333 metrics.go:52: INFO Uptime: 9.693896632s
2017/11/20 13:47:05.775343 beat.go:268: INFO filebeat stopped.
flying-bird@flyingbird:~$ 
